/home/hol4/Cache/cache-generic/verification/Lib/cutilsLib.sig:3: error: Type constructor (term) has not been declared
Found near val dest_Fill : term -> term
/home/hol4/Cache/cache-generic/verification/Lib/cutilsLib.sig:3: error: Type constructor (term) has not been declared
Found near val dest_Fill : term -> term
/home/hol4/Cache/cache-generic/verification/Lib/cutilsLib.sig:4: error: Type constructor (term) has not been declared
Found near val dest_cacheRead : term -> term
/home/hol4/Cache/cache-generic/verification/Lib/cutilsLib.sig:4: error: Type constructor (term) has not been declared
Found near val dest_cacheRead : term -> term
/home/hol4/Cache/cache-generic/verification/Lib/cutilsLib.sig:5: error: Type constructor (term) has not been declared
Found near val dest_cacheWrite : term -> term
/home/hol4/Cache/cache-generic/verification/Lib/cutilsLib.sig:5: error: Type constructor (term) has not been declared
Found near val dest_cacheWrite : term -> term
/home/hol4/Cache/cache-generic/verification/Lib/cutilsLib.sig:6: error: Type constructor (term) has not been declared
Found near val dest_evict : term -> term
/home/hol4/Cache/cache-generic/verification/Lib/cutilsLib.sig:6: error: Type constructor (term) has not been declared
Found near val dest_evict : term -> term
/home/hol4/Cache/cache-generic/verification/Lib/cutilsLib.sig:7: error: Type constructor (term) has not been declared
Found near val dest_lineFill : term -> term
/home/hol4/Cache/cache-generic/verification/Lib/cutilsLib.sig:7: error: Type constructor (term) has not been declared
Found near val dest_lineFill : term -> term
/home/hol4/Cache/cache-generic/verification/Lib/cutilsLib.sig:8: error: Type constructor (term) has not been declared
Found near val dest_linespec : term -> term
/home/hol4/Cache/cache-generic/verification/Lib/cutilsLib.sig:8: error: Type constructor (term) has not been declared
Found near val dest_linespec : term -> term
/home/hol4/Cache/cache-generic/verification/Lib/cutilsLib.sig:9: error: Type constructor (term) has not been declared
Found near val dest_writeBackLine : term -> term
/home/hol4/Cache/cache-generic/verification/Lib/cutilsLib.sig:9: error: Type constructor (term) has not been declared
Found near val dest_writeBackLine : term -> term
/home/hol4/Cache/cache-generic/verification/Lib/cutilsLib.sig:10: error: Type constructor (thm) has not been declared
Found near val xrw : thm list -> tactic
/home/hol4/Cache/cache-generic/verification/Lib/cutilsLib.sig:10: error: Type constructor (tactic) has not been declared
Found near val xrw : thm list -> tactic
/home/hol4/Cache/cache-generic/verification/Lib/cutilsLib.sig:11: error: Type constructor (tactic) has not been declared
Found near val do_nothing : tactic
/home/hol4/Cache/cache-generic/verification/Lib/cutilsLib.sig:14: error: Type constructor (thm) has not been declared
Found near val LET_ELIM_RULE : thm -> thm
/home/hol4/Cache/cache-generic/verification/Lib/cutilsLib.sig:14: error: Type constructor (thm) has not been declared
Found near val LET_ELIM_RULE : thm -> thm
/home/hol4/Cache/cache-generic/verification/Lib/cutilsLib.sig:15: error: Type constructor (thm) has not been declared
Found near
  val fs_lambda_elim : thm list -> goal -> goal list * (thm list -> thm)
/home/hol4/Cache/cache-generic/verification/Lib/cutilsLib.sig:15: error: Type constructor (goal) has not been declared
Found near
  val fs_lambda_elim : thm list -> goal -> goal list * (thm list -> thm)
/home/hol4/Cache/cache-generic/verification/Lib/cutilsLib.sig:15: error: Type constructor (goal) has not been declared
Found near
  val fs_lambda_elim : thm list -> goal -> goal list * (thm list -> thm)
/home/hol4/Cache/cache-generic/verification/Lib/cutilsLib.sig:15: error: Type constructor (thm) has not been declared
Found near
  val fs_lambda_elim : thm list -> goal -> goal list * (thm list -> thm)
/home/hol4/Cache/cache-generic/verification/Lib/cutilsLib.sig:15: error: Type constructor (thm) has not been declared
Found near
  val fs_lambda_elim : thm list -> goal -> goal list * (thm list -> thm)
/home/hol4/Cache/cache-generic/verification/Lib/cutilsLib.sig:16: error: Type constructor (thm) has not been declared
Found near val rwsimp : thm list -> goal -> goal list * (thm list -> thm)
/home/hol4/Cache/cache-generic/verification/Lib/cutilsLib.sig:16: error: Type constructor (goal) has not been declared
Found near val rwsimp : thm list -> goal -> goal list * (thm list -> thm)
/home/hol4/Cache/cache-generic/verification/Lib/cutilsLib.sig:16: error: Type constructor (goal) has not been declared
Found near val rwsimp : thm list -> goal -> goal list * (thm list -> thm)
/home/hol4/Cache/cache-generic/verification/Lib/cutilsLib.sig:16: error: Type constructor (thm) has not been declared
Found near val rwsimp : thm list -> goal -> goal list * (thm list -> thm)
/home/hol4/Cache/cache-generic/verification/Lib/cutilsLib.sig:16: error: Type constructor (thm) has not been declared
Found near val rwsimp : thm list -> goal -> goal list * (thm list -> thm)
/home/hol4/Cache/cache-generic/verification/Lib/cutilsLib.sig:17: error: Type constructor (thm) has not been declared
Found near
  val rfs_lambda_elim : thm list -> goal -> goal list * (thm list -> thm)
/home/hol4/Cache/cache-generic/verification/Lib/cutilsLib.sig:17: error: Type constructor (goal) has not been declared
Found near
  val rfs_lambda_elim : thm list -> goal -> goal list * (thm list -> thm)
/home/hol4/Cache/cache-generic/verification/Lib/cutilsLib.sig:17: error: Type constructor (goal) has not been declared
Found near
  val rfs_lambda_elim : thm list -> goal -> goal list * (thm list -> thm)
/home/hol4/Cache/cache-generic/verification/Lib/cutilsLib.sig:17: error: Type constructor (thm) has not been declared
Found near
  val rfs_lambda_elim : thm list -> goal -> goal list * (thm list -> thm)
/home/hol4/Cache/cache-generic/verification/Lib/cutilsLib.sig:17: error: Type constructor (thm) has not been declared
Found near
  val rfs_lambda_elim : thm list -> goal -> goal list * (thm list -> thm)
/home/hol4/Cache/cache-generic/verification/Lib/cutilsLib.sig:18: error: Type constructor (thm) has not been declared
Found near val xfs : thm list -> tactic
/home/hol4/Cache/cache-generic/verification/Lib/cutilsLib.sig:18: error: Type constructor (tactic) has not been declared
Found near val xfs : thm list -> tactic
/home/hol4/Cache/cache-generic/verification/Lib/cutilsLib.sig:19: error: Type constructor (thm) has not been declared
Found near val mfs : thm list -> goal -> goal list * (thm list -> thm)
/home/hol4/Cache/cache-generic/verification/Lib/cutilsLib.sig:19: error: Type constructor (goal) has not been declared
Found near val mfs : thm list -> goal -> goal list * (thm list -> thm)
/home/hol4/Cache/cache-generic/verification/Lib/cutilsLib.sig:19: error: Type constructor (goal) has not been declared
Found near val mfs : thm list -> goal -> goal list * (thm list -> thm)
/home/hol4/Cache/cache-generic/verification/Lib/cutilsLib.sig:19: error: Type constructor (thm) has not been declared
Found near val mfs : thm list -> goal -> goal list * (thm list -> thm)
/home/hol4/Cache/cache-generic/verification/Lib/cutilsLib.sig:19: error: Type constructor (thm) has not been declared
Found near val mfs : thm list -> goal -> goal list * (thm list -> thm)
/home/hol4/Cache/cache-generic/verification/Lib/cutilsLib.sig:20: error: Type constructor (tactic) has not been declared
Found near val CASE_ON_LEFT_IMPL_TAC : tactic
/home/hol4/Cache/cache-generic/verification/Lib/cutilsLib.sig:21: error: Type constructor (tactic) has not been declared
Found near val CASE_ON_RIGHT_IMPL_TAC : tactic
/home/hol4/Cache/cache-generic/verification/Lib/cutilsLib.sig:22: error: Type constructor (thm) has not been declared
Found near val spec_let_elim : Q.tmquote list -> thm -> thm
/home/hol4/Cache/cache-generic/verification/Lib/cutilsLib.sig:22: error: Type constructor (thm) has not been declared
Found near val spec_let_elim : Q.tmquote list -> thm -> thm
/home/hol4/Cache/cache-generic/verification/Lib/cutilsLib.sig:23: error: Type constructor (term) has not been declared
Found near val tspec_let_elim : term list -> thm -> thm
/home/hol4/Cache/cache-generic/verification/Lib/cutilsLib.sig:23: error: Type constructor (thm) has not been declared
Found near val tspec_let_elim : term list -> thm -> thm
/home/hol4/Cache/cache-generic/verification/Lib/cutilsLib.sig:23: error: Type constructor (thm) has not been declared
Found near val tspec_let_elim : term list -> thm -> thm
/home/hol4/Cache/cache-generic/verification/Lib/cutilsLib.sig:24: error: Type constructor (term) has not been declared
Found near val ifilter : term -> bool
/home/hol4/Cache/cache-generic/verification/Lib/cutilsLib.sig:25: error: Type constructor (term) has not been declared
Found near val tfilter : term -> bool
/home/hol4/Cache/cache-generic/verification/Lib/cutilsLib.sig:27: error: Type constructor (term) has not been declared
Found near val abr_tac : (term -> bool) -> tactic
/home/hol4/Cache/cache-generic/verification/Lib/cutilsLib.sig:27: error: Type constructor (tactic) has not been declared
Found near val abr_tac : (term -> bool) -> tactic
/home/hol4/Cache/cache-generic/verification/Lib/cutilsLib.sig:28: error: Type constructor (term) has not been declared
Found near
  val abr_tac_goal :
  (term -> bool) ->
    string -> term option -> term list * term -> goal list * validation
/home/hol4/Cache/cache-generic/verification/Lib/cutilsLib.sig:28: error: Type constructor (term) has not been declared
Found near
  val abr_tac_goal :
  (term -> bool) ->
    string -> term option -> term list * term -> goal list * validation
/home/hol4/Cache/cache-generic/verification/Lib/cutilsLib.sig:28: error: Type constructor (term) has not been declared
Found near
  val abr_tac_goal :
  (term -> bool) ->
    string -> term option -> term list * term -> goal list * validation
/home/hol4/Cache/cache-generic/verification/Lib/cutilsLib.sig:28: error: Type constructor (term) has not been declared
Found near
  val abr_tac_goal :
  (term -> bool) ->
    string -> term option -> term list * term -> goal list * validation
/home/hol4/Cache/cache-generic/verification/Lib/cutilsLib.sig:28: error: Type constructor (goal) has not been declared
Found near
  val abr_tac_goal :
  (term -> bool) ->
    string -> term option -> term list * term -> goal list * validation
/home/hol4/Cache/cache-generic/verification/Lib/cutilsLib.sig:28: error: Type constructor (validation) has not been declared
Found near
  val abr_tac_goal :
  (term -> bool) ->
    string -> term option -> term list * term -> goal list * validation
/home/hol4/Cache/cache-generic/verification/Lib/cutilsLib.sig:29: error: Type constructor (thm) has not been declared
Found near
  val THM_SPECL_GOAL :
  string -> thm -> term list -> term list * term -> goal list * validation
/home/hol4/Cache/cache-generic/verification/Lib/cutilsLib.sig:29: error: Type constructor (term) has not been declared
Found near
  val THM_SPECL_GOAL :
  string -> thm -> term list -> term list * term -> goal list * validation
/home/hol4/Cache/cache-generic/verification/Lib/cutilsLib.sig:29: error: Type constructor (term) has not been declared
Found near
  val THM_SPECL_GOAL :
  string -> thm -> term list -> term list * term -> goal list * validation
/home/hol4/Cache/cache-generic/verification/Lib/cutilsLib.sig:29: error: Type constructor (term) has not been declared
Found near
  val THM_SPECL_GOAL :
  string -> thm -> term list -> term list * term -> goal list * validation
/home/hol4/Cache/cache-generic/verification/Lib/cutilsLib.sig:29: error: Type constructor (goal) has not been declared
Found near
  val THM_SPECL_GOAL :
  string -> thm -> term list -> term list * term -> goal list * validation
/home/hol4/Cache/cache-generic/verification/Lib/cutilsLib.sig:29: error: Type constructor (validation) has not been declared
Found near
  val THM_SPECL_GOAL :
  string -> thm -> term list -> term list * term -> goal list * validation
/home/hol4/Cache/cache-generic/verification/Lib/cutilsLib.sig:30: error: Type constructor (thm) has not been declared
Found near
  val THM_SPECL_ASSM :
  string ->
    thm -> Q.tmquote list -> term list * term -> goal list * validation
/home/hol4/Cache/cache-generic/verification/Lib/cutilsLib.sig:30: error: Type constructor (term) has not been declared
Found near
  val THM_SPECL_ASSM :
  string ->
    thm -> Q.tmquote list -> term list * term -> goal list * validation
/home/hol4/Cache/cache-generic/verification/Lib/cutilsLib.sig:30: error: Type constructor (term) has not been declared
Found near
  val THM_SPECL_ASSM :
  string ->
    thm -> Q.tmquote list -> term list * term -> goal list * validation
/home/hol4/Cache/cache-generic/verification/Lib/cutilsLib.sig:30: error: Type constructor (goal) has not been declared
Found near
  val THM_SPECL_ASSM :
  string ->
    thm -> Q.tmquote list -> term list * term -> goal list * validation
/home/hol4/Cache/cache-generic/verification/Lib/cutilsLib.sig:30: error: Type constructor (validation) has not been declared
Found near
  val THM_SPECL_ASSM :
  string ->
    thm -> Q.tmquote list -> term list * term -> goal list * validation
/home/hol4/Cache/cache-generic/verification/Lib/cutilsLib.sig:31: error: Type constructor (term) has not been declared
Found near val UNDISCH_MATCH_TAC : term -> tactic
/home/hol4/Cache/cache-generic/verification/Lib/cutilsLib.sig:31: error: Type constructor (tactic) has not been declared
Found near val UNDISCH_MATCH_TAC : term -> tactic
/home/hol4/Cache/cache-generic/verification/Lib/cutilsLib.sig:32: error: Type constructor (tactic) has not been declared
Found near val UNDISCH_ALL_TAC : tactic
/home/hol4/Cache/cache-generic/verification/Lib/cutilsLib.sig:33: error: Type constructor (term) has not been declared
Found near val SPEC_ASSUM_TAC : term * term list -> tactic
/home/hol4/Cache/cache-generic/verification/Lib/cutilsLib.sig:33: error: Type constructor (term) has not been declared
Found near val SPEC_ASSUM_TAC : term * term list -> tactic
/home/hol4/Cache/cache-generic/verification/Lib/cutilsLib.sig:33: error: Type constructor (tactic) has not been declared
Found near val SPEC_ASSUM_TAC : term * term list -> tactic
/home/hol4/Cache/cache-generic/verification/Lib/cutilsLib.sig:34: error: Type constructor (term) has not been declared
Found near val SPEC_AND_KEEP_ASSUM_TAC : term * term list -> tactic
/home/hol4/Cache/cache-generic/verification/Lib/cutilsLib.sig:34: error: Type constructor (term) has not been declared
Found near val SPEC_AND_KEEP_ASSUM_TAC : term * term list -> tactic
/home/hol4/Cache/cache-generic/verification/Lib/cutilsLib.sig:34: error: Type constructor (tactic) has not been declared
Found near val SPEC_AND_KEEP_ASSUM_TAC : term * term list -> tactic
/home/hol4/Cache/cache-generic/verification/Lib/cutilsLib.sig:35: error: Type constructor (term) has not been declared
Found near val THROW_AWAY_TAC : term -> tactic
/home/hol4/Cache/cache-generic/verification/Lib/cutilsLib.sig:35: error: Type constructor (tactic) has not been declared
Found near val THROW_AWAY_TAC : term -> tactic
/home/hol4/Cache/cache-generic/verification/Lib/cutilsLib.sig:36: error: Type constructor (term) has not been declared
Found near val THROW_ONE_AWAY_TAC : term -> tactic
/home/hol4/Cache/cache-generic/verification/Lib/cutilsLib.sig:36: error: Type constructor (tactic) has not been declared
Found near val THROW_ONE_AWAY_TAC : term -> tactic
/home/hol4/Cache/cache-generic/verification/Lib/cutilsLib.sig:37: error: Type constructor (tactic) has not been declared
Found near val THROW_AWAY_IMPLICATIONS_TAC : tactic
/home/hol4/Cache/cache-generic/verification/Lib/cutilsLib.sig:38: error: Type constructor (term) has not been declared
Found near val ASSERT_ASSUM_TAC : term -> tactic
/home/hol4/Cache/cache-generic/verification/Lib/cutilsLib.sig:38: error: Type constructor (tactic) has not been declared
Found near val ASSERT_ASSUM_TAC : term -> tactic
/home/hol4/Cache/cache-generic/verification/Lib/cutilsLib.sig:39: error: Type constructor (term) has not been declared
Found near val PROTECTED_RW_TAC : term -> tactic
/home/hol4/Cache/cache-generic/verification/Lib/cutilsLib.sig:39: error: Type constructor (tactic) has not been declared
Found near val PROTECTED_RW_TAC : term -> tactic
/home/hol4/Cache/cache-generic/verification/Lib/cutilsLib.sig:40: error: Type constructor (thm) has not been declared
Found near val PROTECTED_OR_RW_TAC : thm list -> tactic
/home/hol4/Cache/cache-generic/verification/Lib/cutilsLib.sig:40: error: Type constructor (tactic) has not been declared
Found near val PROTECTED_OR_RW_TAC : thm list -> tactic
/home/hol4/Cache/cache-generic/verification/Lib/cutilsLib.sig:41: error: Type constructor (thm) has not been declared
Found near val PROTECTED_OR_SIMP_TAC : thm list -> tactic
/home/hol4/Cache/cache-generic/verification/Lib/cutilsLib.sig:41: error: Type constructor (tactic) has not been declared
Found near val PROTECTED_OR_SIMP_TAC : thm list -> tactic
/home/hol4/Cache/cache-generic/verification/Lib/cutilsLib.sig:42: error: Type constructor (tactic) has not been declared
Found near val CONJ_ASSUM_TAC : tactic
/home/hol4/Cache/cache-generic/verification/Lib/cutilsLib.sig:43: error: Type constructor (thm) has not been declared
Found near val FORCE_REWRITE_TAC : thm -> tactic
/home/hol4/Cache/cache-generic/verification/Lib/cutilsLib.sig:43: error: Type constructor (tactic) has not been declared
Found near val FORCE_REWRITE_TAC : thm -> tactic
/home/hol4/Cache/cache-generic/verification/Lib/cutilsLib.sig:44: error: Type constructor (thm) has not been declared
Found near val FORCE_REV_REWRITE_TAC : thm -> tactic
/home/hol4/Cache/cache-generic/verification/Lib/cutilsLib.sig:44: error: Type constructor (tactic) has not been declared
Found near val FORCE_REV_REWRITE_TAC : thm -> tactic
/home/hol4/Cache/cache-generic/verification/Lib/cutilsLib.sig:45: error: Type constructor (term) has not been declared
Found near val ASSUME_SPECL_TAC : term list -> thm -> tactic
/home/hol4/Cache/cache-generic/verification/Lib/cutilsLib.sig:45: error: Type constructor (thm) has not been declared
Found near val ASSUME_SPECL_TAC : term list -> thm -> tactic
/home/hol4/Cache/cache-generic/verification/Lib/cutilsLib.sig:45: error: Type constructor (tactic) has not been declared
Found near val ASSUME_SPECL_TAC : term list -> thm -> tactic
/home/hol4/Cache/cache-generic/verification/Lib/cutilsLib.sig:46: error: Type constructor (term) has not been declared
Found near val ASSUME_SPECL_PAT_TAC : term -> term list -> tactic
/home/hol4/Cache/cache-generic/verification/Lib/cutilsLib.sig:46: error: Type constructor (term) has not been declared
Found near val ASSUME_SPECL_PAT_TAC : term -> term list -> tactic
/home/hol4/Cache/cache-generic/verification/Lib/cutilsLib.sig:46: error: Type constructor (tactic) has not been declared
Found near val ASSUME_SPECL_PAT_TAC : term -> term list -> tactic
/home/hol4/Cache/cache-generic/verification/Lib/cutilsLib.sig:47: error: Type constructor (thm) has not been declared
Found near val ASSUME_SIMP_TAC : thm list -> thm -> tactic
/home/hol4/Cache/cache-generic/verification/Lib/cutilsLib.sig:47: error: Type constructor (thm) has not been declared
Found near val ASSUME_SIMP_TAC : thm list -> thm -> tactic
/home/hol4/Cache/cache-generic/verification/Lib/cutilsLib.sig:47: error: Type constructor (tactic) has not been declared
Found near val ASSUME_SIMP_TAC : thm list -> thm -> tactic
/home/hol4/Cache/cache-generic/verification/Lib/cutilsLib.sig:48: error: Type constructor (thm) has not been declared
Found near val IMP_RES_SIMP_TAC : thm list -> thm -> tactic
/home/hol4/Cache/cache-generic/verification/Lib/cutilsLib.sig:48: error: Type constructor (thm) has not been declared
Found near val IMP_RES_SIMP_TAC : thm list -> thm -> tactic
/home/hol4/Cache/cache-generic/verification/Lib/cutilsLib.sig:48: error: Type constructor (tactic) has not been declared
Found near val IMP_RES_SIMP_TAC : thm list -> thm -> tactic
/home/hol4/Cache/cache-generic/verification/Lib/cutilsLib.sig:49: error: Type constructor (term) has not been declared
Found near val ASSUME_SPEC_TAC : term -> thm -> tactic
/home/hol4/Cache/cache-generic/verification/Lib/cutilsLib.sig:49: error: Type constructor (thm) has not been declared
Found near val ASSUME_SPEC_TAC : term -> thm -> tactic
/home/hol4/Cache/cache-generic/verification/Lib/cutilsLib.sig:49: error: Type constructor (tactic) has not been declared
Found near val ASSUME_SPEC_TAC : term -> thm -> tactic
/home/hol4/Cache/cache-generic/verification/Lib/cutilsLib.sig:50: error: Type constructor (term) has not been declared
Found near val ASSUME_SPECL_SIMP_TAC : term list -> thm list -> thm -> tactic
/home/hol4/Cache/cache-generic/verification/Lib/cutilsLib.sig:50: error: Type constructor (thm) has not been declared
Found near val ASSUME_SPECL_SIMP_TAC : term list -> thm list -> thm -> tactic
/home/hol4/Cache/cache-generic/verification/Lib/cutilsLib.sig:50: error: Type constructor (thm) has not been declared
Found near val ASSUME_SPECL_SIMP_TAC : term list -> thm list -> thm -> tactic
/home/hol4/Cache/cache-generic/verification/Lib/cutilsLib.sig:50: error: Type constructor (tactic) has not been declared
Found near val ASSUME_SPECL_SIMP_TAC : term list -> thm list -> thm -> tactic
/home/hol4/Cache/cache-generic/verification/Lib/cutilsLib.sig:51: error: Type constructor (term) has not been declared
Found near val IMP_RES_SPEC_TAC : term -> thm -> tactic
/home/hol4/Cache/cache-generic/verification/Lib/cutilsLib.sig:51: error: Type constructor (thm) has not been declared
Found near val IMP_RES_SPEC_TAC : term -> thm -> tactic
/home/hol4/Cache/cache-generic/verification/Lib/cutilsLib.sig:51: error: Type constructor (tactic) has not been declared
Found near val IMP_RES_SPEC_TAC : term -> thm -> tactic
/home/hol4/Cache/cache-generic/verification/Lib/cutilsLib.sig:52: error: Type constructor (term) has not been declared
Found near val PAT_UNABBREV_TAC : term -> tactic
/home/hol4/Cache/cache-generic/verification/Lib/cutilsLib.sig:52: error: Type constructor (tactic) has not been declared
Found near val PAT_UNABBREV_TAC : term -> tactic
/home/hol4/Cache/cache-generic/verification/Lib/cutilsLib.sig:53: error: Type constructor (term) has not been declared
Found near val TAKE_DOWN_TAC : term -> tactic
/home/hol4/Cache/cache-generic/verification/Lib/cutilsLib.sig:53: error: Type constructor (tactic) has not been declared
Found near val TAKE_DOWN_TAC : term -> tactic
/home/hol4/Cache/cache-generic/verification/Lib/cutilsLib.sig:54: error: Type constructor (term) has not been declared
Found near val THM_KEEP_TAC : term -> tactic -> tactic
/home/hol4/Cache/cache-generic/verification/Lib/cutilsLib.sig:54: error: Type constructor (tactic) has not been declared
Found near val THM_KEEP_TAC : term -> tactic -> tactic
/home/hol4/Cache/cache-generic/verification/Lib/cutilsLib.sig:54: error: Type constructor (tactic) has not been declared
Found near val THM_KEEP_TAC : term -> tactic -> tactic
/home/hol4/Cache/cache-generic/verification/Lib/cutilsLib.sig:55: error: Type constructor (term) has not been declared
Found near val NO_THM_KEEP_TAC : term -> tactic -> tactic
/home/hol4/Cache/cache-generic/verification/Lib/cutilsLib.sig:55: error: Type constructor (tactic) has not been declared
Found near val NO_THM_KEEP_TAC : term -> tactic -> tactic
/home/hol4/Cache/cache-generic/verification/Lib/cutilsLib.sig:55: error: Type constructor (tactic) has not been declared
Found near val NO_THM_KEEP_TAC : term -> tactic -> tactic
/home/hol4/Cache/cache-generic/verification/Lib/cutilsLib.sig:56: error: Type constructor (term) has not been declared
Found near val LET_HYP_PAT_ELIM_TAC : term -> thm list -> tactic
/home/hol4/Cache/cache-generic/verification/Lib/cutilsLib.sig:56: error: Type constructor (thm) has not been declared
Found near val LET_HYP_PAT_ELIM_TAC : term -> thm list -> tactic
/home/hol4/Cache/cache-generic/verification/Lib/cutilsLib.sig:56: error: Type constructor (tactic) has not been declared
Found near val LET_HYP_PAT_ELIM_TAC : term -> thm list -> tactic
/home/hol4/Cache/cache-generic/verification/Lib/cutilsLib.sig:57: error: Type constructor (thm) has not been declared
Found near val LET_HYP_ELIM_TAC : thm list -> tactic
/home/hol4/Cache/cache-generic/verification/Lib/cutilsLib.sig:57: error: Type constructor (tactic) has not been declared
Found near val LET_HYP_ELIM_TAC : thm list -> tactic
/home/hol4/Cache/cache-generic/verification/Lib/cutilsLib.sig:58: error: Type constructor (term) has not been declared
Found near val FULL_SIMP_BY_ASSUMPTION_TAC : term -> tactic
/home/hol4/Cache/cache-generic/verification/Lib/cutilsLib.sig:58: error: Type constructor (tactic) has not been declared
Found near val FULL_SIMP_BY_ASSUMPTION_TAC : term -> tactic
/home/hol4/Cache/cache-generic/verification/Lib/cutilsLib.sig:59: error: Type constructor (term) has not been declared
Found near val SIMP_BY_ASSUMPTION_TAC : term -> tactic
/home/hol4/Cache/cache-generic/verification/Lib/cutilsLib.sig:59: error: Type constructor (tactic) has not been declared
Found near val SIMP_BY_ASSUMPTION_TAC : term -> tactic
/home/hol4/Cache/cache-generic/verification/Lib/cutilsLib.sig:60: error: Type constructor (term) has not been declared
Found near val SIMP_AND_KEEP_BY_ASSUMPTION_TAC : term -> tactic
/home/hol4/Cache/cache-generic/verification/Lib/cutilsLib.sig:60: error: Type constructor (tactic) has not been declared
Found near val SIMP_AND_KEEP_BY_ASSUMPTION_TAC : term -> tactic
/home/hol4/Cache/cache-generic/verification/Lib/cutilsLib.sig:61: error: Type constructor (term) has not been declared
Found near val SPEC_ASSUMPTION_TAC : term -> term -> tactic
/home/hol4/Cache/cache-generic/verification/Lib/cutilsLib.sig:61: error: Type constructor (term) has not been declared
Found near val SPEC_ASSUMPTION_TAC : term -> term -> tactic
/home/hol4/Cache/cache-generic/verification/Lib/cutilsLib.sig:61: error: Type constructor (tactic) has not been declared
Found near val SPEC_ASSUMPTION_TAC : term -> term -> tactic
/home/hol4/Cache/cache-generic/verification/Lib/cutilsLib.sig:62: error: Type constructor (term) has not been declared
Found near val FULL_SIMP_BY_BLAST_TAC : term -> tactic
/home/hol4/Cache/cache-generic/verification/Lib/cutilsLib.sig:62: error: Type constructor (tactic) has not been declared
Found near val FULL_SIMP_BY_BLAST_TAC : term -> tactic
/home/hol4/Cache/cache-generic/verification/Lib/cutilsLib.sig:63: error: Type constructor (tactic) has not been declared
Found near val DISJX_TAC : int -> tactic
/home/hol4/Cache/cache-generic/verification/Lib/cutilsLib.sig:64: error: Type constructor (thm) has not been declared
Found near val ASSUME_ALL_TAC : thm list -> tactic
/home/hol4/Cache/cache-generic/verification/Lib/cutilsLib.sig:64: error: Type constructor (tactic) has not been declared
Found near val ASSUME_ALL_TAC : thm list -> tactic
/home/hol4/Cache/cache-generic/verification/Lib/cutilsLib.sig:65: error: Type constructor (term) has not been declared
Found near val SYM_ASSUMPTION_TAC : term -> tactic
/home/hol4/Cache/cache-generic/verification/Lib/cutilsLib.sig:65: error: Type constructor (tactic) has not been declared
Found near val SYM_ASSUMPTION_TAC : term -> tactic
/home/hol4/Cache/cache-generic/verification/Lib/cutilsLib.sig:69: error: Type constructor (term) has not been declared
Found near val ADD_CANC_TAC : term list * term -> goal list * validation
/home/hol4/Cache/cache-generic/verification/Lib/cutilsLib.sig:69: error: Type constructor (term) has not been declared
Found near val ADD_CANC_TAC : term list * term -> goal list * validation
/home/hol4/Cache/cache-generic/verification/Lib/cutilsLib.sig:69: error: Type constructor (goal) has not been declared
Found near val ADD_CANC_TAC : term list * term -> goal list * validation
/home/hol4/Cache/cache-generic/verification/Lib/cutilsLib.sig:69: error: Type constructor (validation) has not been declared
Found near val ADD_CANC_TAC : term list * term -> goal list * validation
/home/hol4/Cache/cache-generic/verification/Lib/cutilsLib.sig:70: error: Type constructor (term) has not been declared
Found near val Cncl_FUN_TAC : term list * term -> goal list * validation
/home/hol4/Cache/cache-generic/verification/Lib/cutilsLib.sig:70: error: Type constructor (term) has not been declared
Found near val Cncl_FUN_TAC : term list * term -> goal list * validation
/home/hol4/Cache/cache-generic/verification/Lib/cutilsLib.sig:70: error: Type constructor (goal) has not been declared
Found near val Cncl_FUN_TAC : term list * term -> goal list * validation
/home/hol4/Cache/cache-generic/verification/Lib/cutilsLib.sig:70: error: Type constructor (validation) has not been declared
Found near val Cncl_FUN_TAC : term list * term -> goal list * validation
/home/hol4/Cache/cache-generic/verification/Lib/cutilsLib.sig:71: error: Type constructor (term) has not been declared
Found near val is_neq : term -> bool
/home/hol4/Cache/cache-generic/verification/Lib/cutilsLib.sig:72: error: Type constructor (term) has not been declared
Found near val PAIR_SPLIT_TAC : term list * term -> goal list * validation
/home/hol4/Cache/cache-generic/verification/Lib/cutilsLib.sig:72: error: Type constructor (term) has not been declared
Found near val PAIR_SPLIT_TAC : term list * term -> goal list * validation
/home/hol4/Cache/cache-generic/verification/Lib/cutilsLib.sig:72: error: Type constructor (goal) has not been declared
Found near val PAIR_SPLIT_TAC : term list * term -> goal list * validation
/home/hol4/Cache/cache-generic/verification/Lib/cutilsLib.sig:72: error: Type constructor (validation) has not been declared
Found near val PAIR_SPLIT_TAC : term list * term -> goal list * validation
/home/hol4/Cache/cache-generic/verification/Lib/cutilsLib.sig:73: error: Type constructor (term) has not been declared
Found near val mk_subgoal_then : term -> term -> goal -> goal list * ...
/home/hol4/Cache/cache-generic/verification/Lib/cutilsLib.sig:73: error: Type constructor (term) has not been declared
Found near val mk_subgoal_then : term -> term -> goal -> goal list * ...
/home/hol4/Cache/cache-generic/verification/Lib/cutilsLib.sig:73: error: Type constructor (goal) has not been declared
Found near val mk_subgoal_then : term -> term -> goal -> goal list * ...
/home/hol4/Cache/cache-generic/verification/Lib/cutilsLib.sig:73: error: Type constructor (goal) has not been declared
Found near val mk_subgoal_then : term -> term -> goal -> goal list * ...
/home/hol4/Cache/cache-generic/verification/Lib/cutilsLib.sig:73: error: Type constructor (thm) has not been declared
Found near val mk_subgoal_then : term -> term -> goal -> goal list * ...
/home/hol4/Cache/cache-generic/verification/Lib/cutilsLib.sig:73: error: Type constructor (thm) has not been declared
Found near val mk_subgoal_then : term -> term -> goal -> goal list * ...
/home/hol4/Cache/cache-generic/verification/Lib/cutilsLib.sig:74: error: Type constructor (tactic) has not been declared
Found near val FIX_TUPLE_EQ_TAC : tactic
/home/hol4/Cache/cache-generic/verification/Lib/cutilsLib.sig:75: error: Type constructor (tactic) has not been declared
Found near val SPLIT_ABBREVS : tactic
/home/hol4/Cache/cache-generic/verification/Lib/cutilsLib.sig:77: error: Type constructor (term) has not been declared
Found near
  val proof_free_vars :
  (term list -> tactic) -> term list * term -> goal list * validation
/home/hol4/Cache/cache-generic/verification/Lib/cutilsLib.sig:77: error: Type constructor (tactic) has not been declared
Found near
  val proof_free_vars :
  (term list -> tactic) -> term list * term -> goal list * validation
/home/hol4/Cache/cache-generic/verification/Lib/cutilsLib.sig:77: error: Type constructor (term) has not been declared
Found near
  val proof_free_vars :
  (term list -> tactic) -> term list * term -> goal list * validation
/home/hol4/Cache/cache-generic/verification/Lib/cutilsLib.sig:77: error: Type constructor (term) has not been declared
Found near
  val proof_free_vars :
  (term list -> tactic) -> term list * term -> goal list * validation
/home/hol4/Cache/cache-generic/verification/Lib/cutilsLib.sig:77: error: Type constructor (goal) has not been declared
Found near
  val proof_free_vars :
  (term list -> tactic) -> term list * term -> goal list * validation
/home/hol4/Cache/cache-generic/verification/Lib/cutilsLib.sig:77: error: Type constructor (validation) has not been declared
Found near
  val proof_free_vars :
  (term list -> tactic) -> term list * term -> goal list * validation
/home/hol4/Cache/cache-generic/verification/Lib/cutilsLib.sig:78: error: Type constructor (tactic) has not been declared
Found near val LET_ASS_TAC : tactic
/home/hol4/Cache/cache-generic/verification/Lib/cutilsLib.sig:79: error: Type constructor (tactic) has not been declared
Found near val LET_EQ_ASS_TAC : tactic
/home/hol4/Cache/cache-generic/verification/Lib/cutilsLib.sig:80: error: Type constructor (tactic) has not been declared
Found near val LET_EQ2_ASS_TAC : tactic
/home/hol4/Cache/cache-generic/verification/Lib/cutilsLib.sig:81: error: Type constructor (tactic) has not been declared
Found near val FIX_ABBREV_TAC : tactic
/home/hol4/Cache/cache-generic/verification/Lib/cutilsLib.sig:82: error: Type constructor (tactic) has not been declared
Found near val FIX_ABBREV_TAC2 : tactic
/home/hol4/Cache/cache-generic/verification/Lib/cutilsLib.sig:83: error: Type constructor (tactic) has not been declared
Found near val FIX_ABBREV_TAC3 : tactic
/home/hol4/Cache/cache-generic/verification/Lib/cutilsLib.sig:84: error: Type constructor (tactic) has not been declared
Found near val DEABBREV_AND_FIX_TAC : tactic
/home/hol4/Cache/cache-generic/verification/Lib/cutilsLib.sig:85: error: Type constructor (tactic) has not been declared
Found near val DEABBREV_AND_FIX_TUPLE_TAC : tactic
/home/hol4/Cache/cache-generic/verification/Lib/cutilsLib.sig:86: error: Type constructor (term) has not been declared
Found near val LET_X_TO_ONE_TAC : term -> thm -> tactic
/home/hol4/Cache/cache-generic/verification/Lib/cutilsLib.sig:86: error: Type constructor (thm) has not been declared
Found near val LET_X_TO_ONE_TAC : term -> thm -> tactic
/home/hol4/Cache/cache-generic/verification/Lib/cutilsLib.sig:86: error: Type constructor (tactic) has not been declared
Found near val LET_X_TO_ONE_TAC : term -> thm -> tactic
/home/hol4/Cache/cache-generic/verification/Lib/cutilsLib.sig:87: error: Type constructor (term) has not been declared
Found near val LET_TUPLE_TO_TUPLE_TAC : term -> thm -> tactic
/home/hol4/Cache/cache-generic/verification/Lib/cutilsLib.sig:87: error: Type constructor (thm) has not been declared
Found near val LET_TUPLE_TO_TUPLE_TAC : term -> thm -> tactic
/home/hol4/Cache/cache-generic/verification/Lib/cutilsLib.sig:87: error: Type constructor (tactic) has not been declared
Found near val LET_TUPLE_TO_TUPLE_TAC : term -> thm -> tactic
/home/hol4/Cache/cache-generic/verification/Lib/cutilsLib.sig:88: error: Type constructor (term) has not been declared
Found near val LET_ONE_TO_TUPLE_TAC : term -> thm -> tactic
/home/hol4/Cache/cache-generic/verification/Lib/cutilsLib.sig:88: error: Type constructor (thm) has not been declared
Found near val LET_ONE_TO_TUPLE_TAC : term -> thm -> tactic
/home/hol4/Cache/cache-generic/verification/Lib/cutilsLib.sig:88: error: Type constructor (tactic) has not been declared
Found near val LET_ONE_TO_TUPLE_TAC : term -> thm -> tactic
/home/hol4/Cache/cache-generic/verification/Lib/cutilsLib.sig:89: error: Type constructor (tactic) has not been declared
Found near val SIMPLE_LET_TAC : tactic
/home/hol4/Cache/cache-generic/verification/Lib/cutilsLib.sig:90: error: Type constructor (tactic) has not been declared
Found near val SIMPLE_LET_EQ_ASS_TAC : tactic
/home/hol4/Cache/cache-generic/verification/Lib/cutilsLib.sig:91: error: Type constructor (term) has not been declared
Found near val PAT_UNDISCH : term -> tactic
/home/hol4/Cache/cache-generic/verification/Lib/cutilsLib.sig:91: error: Type constructor (tactic) has not been declared
Found near val PAT_UNDISCH : term -> tactic
/home/hol4/Cache/cache-generic/verification/Lib/cutilsLib.sig:92: error: Type constructor (gentactic) has not been declared
Found near val PROVE_BY_BLAST : (term list * term, thm) gentactic
/home/hol4/Cache/cache-generic/verification/Lib/cutilsLib.sig:92: error: Type constructor (term) has not been declared
Found near val PROVE_BY_BLAST : (term list * term, thm) gentactic
/home/hol4/Cache/cache-generic/verification/Lib/cutilsLib.sig:92: error: Type constructor (term) has not been declared
Found near val PROVE_BY_BLAST : (term list * term, thm) gentactic
/home/hol4/Cache/cache-generic/verification/Lib/cutilsLib.sig:92: error: Type constructor (thm) has not been declared
Found near val PROVE_BY_BLAST : (term list * term, thm) gentactic
/home/hol4/Cache/cache-generic/verification/Lib/cutilsLib.sig:93: error: Type constructor (term) has not been declared
Found near val ABBREV_GOAL : term list * term -> goal list * validation
/home/hol4/Cache/cache-generic/verification/Lib/cutilsLib.sig:93: error: Type constructor (term) has not been declared
Found near val ABBREV_GOAL : term list * term -> goal list * validation
/home/hol4/Cache/cache-generic/verification/Lib/cutilsLib.sig:93: error: Type constructor (goal) has not been declared
Found near val ABBREV_GOAL : term list * term -> goal list * validation
/home/hol4/Cache/cache-generic/verification/Lib/cutilsLib.sig:93: error: Type constructor (validation) has not been declared
Found near val ABBREV_GOAL : term list * term -> goal list * validation
/home/hol4/Cache/cache-generic/verification/Lib/cutilsLib.sig:94: error: Type constructor (tactic) has not been declared
Found near val INVERT_ABBR_LET : tactic
/home/hol4/Cache/cache-generic/verification/Lib/cutilsLib.sig:95: error: Type constructor (tactic) has not been declared
Found near val INVERT_LET_EQ : tactic
/home/hol4/Cache/cache-generic/verification/Lib/cutilsLib.sig:96: error: Type constructor (term) has not been declared
Found near val SIMP_BY_PAT : term -> thm list -> tactic
/home/hol4/Cache/cache-generic/verification/Lib/cutilsLib.sig:96: error: Type constructor (thm) has not been declared
Found near val SIMP_BY_PAT : term -> thm list -> tactic
/home/hol4/Cache/cache-generic/verification/Lib/cutilsLib.sig:96: error: Type constructor (tactic) has not been declared
Found near val SIMP_BY_PAT : term -> thm list -> tactic
/home/hol4/Cache/cache-generic/verification/Lib/cutilsLib.sig:97: error: Type constructor (tactic) has not been declared
Found near val NO_SPLIT_TAC : tactic
/home/hol4/Cache/cache-generic/verification/Lib/cutilsLib.sig:98: error: Type constructor (term) has not been declared
Found near
  val TERM_PAT_ASSUM : term -> (term list -> (goal, thm) gentactic) -> tactic
/home/hol4/Cache/cache-generic/verification/Lib/cutilsLib.sig:98: error: Type constructor (term) has not been declared
Found near
  val TERM_PAT_ASSUM : term -> (term list -> (goal, thm) gentactic) -> tactic
/home/hol4/Cache/cache-generic/verification/Lib/cutilsLib.sig:98: error: Type constructor (gentactic) has not been declared
Found near
  val TERM_PAT_ASSUM : term -> (term list -> (goal, thm) gentactic) -> tactic
/home/hol4/Cache/cache-generic/verification/Lib/cutilsLib.sig:98: error: Type constructor (goal) has not been declared
Found near
  val TERM_PAT_ASSUM : term -> (term list -> (goal, thm) gentactic) -> tactic
/home/hol4/Cache/cache-generic/verification/Lib/cutilsLib.sig:98: error: Type constructor (thm) has not been declared
Found near
  val TERM_PAT_ASSUM : term -> (term list -> (goal, thm) gentactic) -> tactic
/home/hol4/Cache/cache-generic/verification/Lib/cutilsLib.sig:98: error: Type constructor (tactic) has not been declared
Found near
  val TERM_PAT_ASSUM : term -> (term list -> (goal, thm) gentactic) -> tactic
/home/hol4/Cache/cache-generic/verification/Lib/cutilsLib.sig:99: error: Type constructor (term) has not been declared
Found near val TERM_PAT_ASSUM_W_THM : term -> (term list -> tactic) -> tactic
/home/hol4/Cache/cache-generic/verification/Lib/cutilsLib.sig:99: error: Type constructor (term) has not been declared
Found near val TERM_PAT_ASSUM_W_THM : term -> (term list -> tactic) -> tactic
/home/hol4/Cache/cache-generic/verification/Lib/cutilsLib.sig:99: error: Type constructor (tactic) has not been declared
Found near val TERM_PAT_ASSUM_W_THM : term -> (term list -> tactic) -> tactic
/home/hol4/Cache/cache-generic/verification/Lib/cutilsLib.sig:99: error: Type constructor (tactic) has not been declared
Found near val TERM_PAT_ASSUM_W_THM : term -> (term list -> tactic) -> tactic
/home/hol4/Cache/cache-generic/verification/Lib/cutilsLib.sig:100: error: Type constructor (term) has not been declared
Found near val SPECL_ASSUM : term -> term list -> tactic
/home/hol4/Cache/cache-generic/verification/Lib/cutilsLib.sig:100: error: Type constructor (term) has not been declared
Found near val SPECL_ASSUM : term -> term list -> tactic
/home/hol4/Cache/cache-generic/verification/Lib/cutilsLib.sig:100: error: Type constructor (tactic) has not been declared
Found near val SPECL_ASSUM : term -> term list -> tactic
/home/hol4/Cache/cache-generic/verification/Lib/cutilsLib.sig:101: error: Type constructor (term) has not been declared
Found near val SYM_ASSUM : term -> tactic
/home/hol4/Cache/cache-generic/verification/Lib/cutilsLib.sig:101: error: Type constructor (tactic) has not been declared
Found near val SYM_ASSUM : term -> tactic
/home/hol4/Cache/cache-generic/verification/Lib/cutilsLib.sig:102: error: Type constructor (tactic) has not been declared Found near val FST : tactic
/home/hol4/Cache/cache-generic/verification/Lib/cutilsLib.sig:103: error: Type constructor (tactic) has not been declared
Found near val FIX_CONST_EQ : tactic
/home/hol4/Cache/cache-generic/verification/Lib/cutilsLib.sig:104: error: Type constructor (term) has not been declared
Found near val split_pair_tac : term list * term -> goal list * validation
/home/hol4/Cache/cache-generic/verification/Lib/cutilsLib.sig:104: error: Type constructor (term) has not been declared
Found near val split_pair_tac : term list * term -> goal list * validation
/home/hol4/Cache/cache-generic/verification/Lib/cutilsLib.sig:104: error: Type constructor (goal) has not been declared
Found near val split_pair_tac : term list * term -> goal list * validation
/home/hol4/Cache/cache-generic/verification/Lib/cutilsLib.sig:104: error: Type constructor (validation) has not been declared
Found near val split_pair_tac : term list * term -> goal list * validation
/home/hol4/Cache/cache-generic/verification/Lib/cutilsLib.sig:105: error: Type constructor (term) has not been declared
Found near
  val ABBREV_TUPLE :
  term -> term -> term list * term -> goal list * validation
/home/hol4/Cache/cache-generic/verification/Lib/cutilsLib.sig:105: error: Type constructor (term) has not been declared
Found near
  val ABBREV_TUPLE :
  term -> term -> term list * term -> goal list * validation
/home/hol4/Cache/cache-generic/verification/Lib/cutilsLib.sig:105: error: Type constructor (term) has not been declared
Found near
  val ABBREV_TUPLE :
  term -> term -> term list * term -> goal list * validation
/home/hol4/Cache/cache-generic/verification/Lib/cutilsLib.sig:105: error: Type constructor (term) has not been declared
Found near
  val ABBREV_TUPLE :
  term -> term -> term list * term -> goal list * validation
/home/hol4/Cache/cache-generic/verification/Lib/cutilsLib.sig:105: error: Type constructor (goal) has not been declared
Found near
  val ABBREV_TUPLE :
  term -> term -> term list * term -> goal list * validation
/home/hol4/Cache/cache-generic/verification/Lib/cutilsLib.sig:105: error: Type constructor (validation) has not been declared
Found near
  val ABBREV_TUPLE :
  term -> term -> term list * term -> goal list * validation
/home/hol4/Cache/cache-generic/verification/Lib/cutilsLib.sig:106: error: Type constructor (term) has not been declared
Found near
  val ABBREV_VAR : term -> term list * term -> goal list * validation
/home/hol4/Cache/cache-generic/verification/Lib/cutilsLib.sig:106: error: Type constructor (term) has not been declared
Found near
  val ABBREV_VAR : term -> term list * term -> goal list * validation
/home/hol4/Cache/cache-generic/verification/Lib/cutilsLib.sig:106: error: Type constructor (term) has not been declared
Found near
  val ABBREV_VAR : term -> term list * term -> goal list * validation
/home/hol4/Cache/cache-generic/verification/Lib/cutilsLib.sig:106: error: Type constructor (goal) has not been declared
Found near
  val ABBREV_VAR : term -> term list * term -> goal list * validation
/home/hol4/Cache/cache-generic/verification/Lib/cutilsLib.sig:106: error: Type constructor (validation) has not been declared
Found near
  val ABBREV_VAR : term -> term list * term -> goal list * validation
/home/hol4/Cache/cache-generic/verification/Lib/cutilsLib.sig:107: error: Type constructor (term) has not been declared
Found near
  val abr_lineSpec_tac_dubl :
  term list * term -> goal list * (thm list -> thm)
/home/hol4/Cache/cache-generic/verification/Lib/cutilsLib.sig:107: error: Type constructor (term) has not been declared
Found near
  val abr_lineSpec_tac_dubl :
  term list * term -> goal list * (thm list -> thm)
/home/hol4/Cache/cache-generic/verification/Lib/cutilsLib.sig:107: error: Type constructor (goal) has not been declared
Found near
  val abr_lineSpec_tac_dubl :
  term list * term -> goal list * (thm list -> thm)
/home/hol4/Cache/cache-generic/verification/Lib/cutilsLib.sig:107: error: Type constructor (thm) has not been declared
Found near
  val abr_lineSpec_tac_dubl :
  term list * term -> goal list * (thm list -> thm)
/home/hol4/Cache/cache-generic/verification/Lib/cutilsLib.sig:107: error: Type constructor (thm) has not been declared
Found near
  val abr_lineSpec_tac_dubl :
  term list * term -> goal list * (thm list -> thm)
/home/hol4/Cache/cache-generic/verification/Lib/cutilsLib.sig:108: error: Type constructor (term) has not been declared
Found near
  val abr_lineSpec_tac_sgl :
  term list * term -> goal list * (thm list -> thm)
/home/hol4/Cache/cache-generic/verification/Lib/cutilsLib.sig:108: error: Type constructor (term) has not been declared
Found near
  val abr_lineSpec_tac_sgl :
  term list * term -> goal list * (thm list -> thm)
/home/hol4/Cache/cache-generic/verification/Lib/cutilsLib.sig:108: error: Type constructor (goal) has not been declared
Found near
  val abr_lineSpec_tac_sgl :
  term list * term -> goal list * (thm list -> thm)
/home/hol4/Cache/cache-generic/verification/Lib/cutilsLib.sig:108: error: Type constructor (thm) has not been declared
Found near
  val abr_lineSpec_tac_sgl :
  term list * term -> goal list * (thm list -> thm)
/home/hol4/Cache/cache-generic/verification/Lib/cutilsLib.sig:108: error: Type constructor (thm) has not been declared
Found near
  val abr_lineSpec_tac_sgl :
  term list * term -> goal list * (thm list -> thm)
Static Errors
error in quse /home/hol4/Cache/cache-generic/verification/Lib/cutilsLib.sig : Fail "Static Errors"
error in load /home/hol4/Cache/cache-generic/verification/Lib/cutilsLib : Fail "Static Errors"
error in load cacheLibScript : Fail "Static Errors"
